  [1m[35m (692.3ms)[0m  [1m[35mCREATE DATABASE "chronos_development" ENCODING = 'unicode'[0m
  ↳ bin/rails:9
  [1m[35m (956.2ms)[0m  [1m[35mCREATE DATABASE "chronos_test" ENCODING = 'unicode'[0m
  ↳ bin/rails:9
  [1m[35m (119.9ms)[0m  [1m[35mCREATE TABLE "schema_migrations" ("version" character varying NOT NULL PRIMARY KEY)[0m
  ↳ bin/rails:9
  [1m[35m (110.0ms)[0m  [1m[35mCREATE TABLE "ar_internal_metadata" ("key" character varying NOT NULL PRIMARY KEY, "value" character varying, "created_at" timestamp NOT NULL, "updated_at" timestamp NOT NULL)[0m
  ↳ bin/rails:9
  [1m[35m (0.2ms)[0m  [1m[34mSELECT pg_try_advisory_lock(3959640999678101115)[0m
  ↳ bin/rails:9
  [1m[35m (0.4ms)[0m  [1m[34mSELECT "schema_migrations"."version" FROM "schema_migrations" ORDER BY "schema_migrations"."version" ASC[0m
  ↳ bin/rails:9
Migrating to CreatePatients (20180723074055)
  [1m[35m (0.2ms)[0m  [1m[35mBEGIN[0m
  ↳ bin/rails:9
  [1m[35m (0.1ms)[0m  [1m[31mROLLBACK[0m
  ↳ bin/rails:9
  [1m[35m (0.2ms)[0m  [1m[34mSELECT pg_advisory_unlock(3959640999678101115)[0m
  ↳ bin/rails:9
  [1m[35m (0.1ms)[0m  [1m[34mSELECT pg_try_advisory_lock(3959640999678101115)[0m
  ↳ bin/rails:9
  [1m[35m (0.4ms)[0m  [1m[34mSELECT "schema_migrations"."version" FROM "schema_migrations" ORDER BY "schema_migrations"."version" ASC[0m
  ↳ bin/rails:9
Migrating to CreatePatients (20180723074055)
  [1m[35m (0.1ms)[0m  [1m[35mBEGIN[0m
  ↳ bin/rails:9
  [1m[35m (110.9ms)[0m  [1m[35mCREATE TABLE "patients" ("id" bigserial primary key, "name" character varying, "email" character varying, "phone" character varying, "ic" character varying, "height" float, "weight" float, "age" integer, "birthday" date, "obesity_id" bigint, "high_blood_pressure_id" bigint, "diabetes_id" bigint, "badges_id" bigint[] DEFAULT '{}', "doctor_id" bigint, "created_at" timestamp NOT NULL, "updated_at" timestamp NOT NULL)[0m
  ↳ db/migrate/20180723074055_create_patients.rb:3
  [1m[35m (42.3ms)[0m  [1m[35mCREATE  INDEX  "index_patients_on_obesity_id" ON "patients"  ("obesity_id")[0m
  ↳ db/migrate/20180723074055_create_patients.rb:3
  [1m[35m (43.0ms)[0m  [1m[35mCREATE  INDEX  "index_patients_on_high_blood_pressure_id" ON "patients"  ("high_blood_pressure_id")[0m
  ↳ db/migrate/20180723074055_create_patients.rb:3
  [1m[35m (43.2ms)[0m  [1m[35mCREATE  INDEX  "index_patients_on_diabetes_id" ON "patients"  ("diabetes_id")[0m
  ↳ db/migrate/20180723074055_create_patients.rb:3
  [1m[35m (42.8ms)[0m  [1m[35mCREATE  INDEX  "index_patients_on_badges_id" ON "patients"  ("badges_id")[0m
  ↳ db/migrate/20180723074055_create_patients.rb:3
  [1m[35m (43.3ms)[0m  [1m[35mCREATE  INDEX  "index_patients_on_doctor_id" ON "patients"  ("doctor_id")[0m
  ↳ db/migrate/20180723074055_create_patients.rb:3
  [1m[36mActiveRecord::SchemaMigration Create (0.3ms)[0m  [1m[32mINSERT INTO "schema_migrations" ("version") VALUES ($1) RETURNING "version"[0m  [["version", "20180723074055"]]
  ↳ bin/rails:9
  [1m[35m (20.9ms)[0m  [1m[35mCOMMIT[0m
  ↳ bin/rails:9
  [1m[36mActiveRecord::InternalMetadata Load (0.4ms)[0m  [1m[34mSELECT  "ar_internal_metadata".* FROM "ar_internal_metadata" WHERE "ar_internal_metadata"."key" = $1 LIMIT $2[0m  [["key", "environment"], ["LIMIT", 1]]
  ↳ bin/rails:9
  [1m[35m (0.1ms)[0m  [1m[35mBEGIN[0m
  ↳ bin/rails:9
  [1m[36mActiveRecord::InternalMetadata Create (0.4ms)[0m  [1m[32mINSERT INTO "ar_internal_metadata" ("key", "value", "created_at", "updated_at") VALUES ($1, $2, $3, $4) RETURNING "key"[0m  [["key", "environment"], ["value", "development"], ["created_at", "2018-07-23 08:15:24.600529"], ["updated_at", "2018-07-23 08:15:24.600529"]]
  ↳ bin/rails:9
  [1m[35m (4.9ms)[0m  [1m[35mCOMMIT[0m
  ↳ bin/rails:9
  [1m[35m (0.2ms)[0m  [1m[34mSELECT pg_advisory_unlock(3959640999678101115)[0m
  ↳ bin/rails:9
  [1m[35m (0.2ms)[0m  [1m[34mSELECT "schema_migrations"."version" FROM "schema_migrations" ORDER BY "schema_migrations"."version" ASC[0m
  ↳ bin/rails:9
  [1m[35m (0.2ms)[0m  [1m[35mBEGIN[0m
  [1m[36mPatient Create (1.0ms)[0m  [1m[32mINSERT INTO "patients" ("badges_id", "created_at", "updated_at") VALUES ($1, $2, $3) RETURNING "id"[0m  [["badges_id", "{1}"], ["created_at", "2018-07-23 08:17:24.112223"], ["updated_at", "2018-07-23 08:17:24.112223"]]
  [1m[35m (18.2ms)[0m  [1m[35mCOMMIT[0m
  [1m[36mPatient Load (0.5ms)[0m  [1m[34mSELECT  "patients".* FROM "patients" ORDER BY "patients"."id" DESC LIMIT $1[0m  [["LIMIT", 1]]
  [1m[35m (0.1ms)[0m  [1m[34mSELECT pg_try_advisory_lock(3959640999678101115)[0m
  ↳ bin/rails:9
  [1m[35m (0.4ms)[0m  [1m[34mSELECT "schema_migrations"."version" FROM "schema_migrations" ORDER BY "schema_migrations"."version" ASC[0m
  ↳ bin/rails:9
Migrating to CreateBadges (20180723082215)
  [1m[35m (0.1ms)[0m  [1m[35mBEGIN[0m
  ↳ bin/rails:9
  [1m[35m (139.4ms)[0m  [1m[35mCREATE TABLE "badges" ("id" bigserial primary key, "description" character varying, "image" character varying, "created_at" timestamp NOT NULL, "updated_at" timestamp NOT NULL)[0m
  ↳ db/migrate/20180723082215_create_badges.rb:3
  [1m[36mActiveRecord::SchemaMigration Create (0.3ms)[0m  [1m[32mINSERT INTO "schema_migrations" ("version") VALUES ($1) RETURNING "version"[0m  [["version", "20180723082215"]]
  ↳ bin/rails:9
  [1m[35m (16.6ms)[0m  [1m[35mCOMMIT[0m
  ↳ bin/rails:9
  [1m[36mActiveRecord::InternalMetadata Load (0.3ms)[0m  [1m[34mSELECT  "ar_internal_metadata".* FROM "ar_internal_metadata" WHERE "ar_internal_metadata"."key" = $1 LIMIT $2[0m  [["key", "environment"], ["LIMIT", 1]]
  ↳ bin/rails:9
  [1m[35m (0.2ms)[0m  [1m[35mBEGIN[0m
  ↳ bin/rails:9
  [1m[35m (0.1ms)[0m  [1m[35mCOMMIT[0m
  ↳ bin/rails:9
  [1m[35m (0.2ms)[0m  [1m[34mSELECT pg_advisory_unlock(3959640999678101115)[0m
  ↳ bin/rails:9
  [1m[35m (0.2ms)[0m  [1m[34mSELECT "schema_migrations"."version" FROM "schema_migrations" ORDER BY "schema_migrations"."version" ASC[0m
  ↳ bin/rails:9
  [1m[35m (0.2ms)[0m  [1m[35mBEGIN[0m
  [1m[36mBadge Create (1.1ms)[0m  [1m[32mINSERT INTO "badges" ("description", "created_at", "updated_at") VALUES ($1, $2, $3) RETURNING "id"[0m  [["description", "This is number one"], ["created_at", "2018-07-23 08:22:59.351798"], ["updated_at", "2018-07-23 08:22:59.351798"]]
  [1m[35m (27.9ms)[0m  [1m[35mCOMMIT[0m
  [1m[35m (0.2ms)[0m  [1m[35mBEGIN[0m
  [1m[36mBadge Create (0.3ms)[0m  [1m[32mINSERT INTO "badges" ("description", "created_at", "updated_at") VALUES ($1, $2, $3) RETURNING "id"[0m  [["description", "This is number two"], ["created_at", "2018-07-23 08:23:04.788831"], ["updated_at", "2018-07-23 08:23:04.788831"]]
  [1m[35m (21.6ms)[0m  [1m[35mCOMMIT[0m
  [1m[35m (0.2ms)[0m  [1m[35mBEGIN[0m
  [1m[36mBadge Create (0.5ms)[0m  [1m[32mINSERT INTO "badges" ("description", "created_at", "updated_at") VALUES ($1, $2, $3) RETURNING "id"[0m  [["description", "This is number three"], ["created_at", "2018-07-23 08:23:08.270731"], ["updated_at", "2018-07-23 08:23:08.270731"]]
  [1m[35m (23.4ms)[0m  [1m[35mCOMMIT[0m
  [1m[36mPatient Load (0.4ms)[0m  [1m[34mSELECT  "patients".* FROM "patients" ORDER BY "patients"."id" DESC LIMIT $1[0m  [["LIMIT", 1]]
  [1m[36mPatient Load (0.6ms)[0m  [1m[34mSELECT  "patients".* FROM "patients" ORDER BY "patients"."id" DESC LIMIT $1[0m  [["LIMIT", 1]]
  [1m[36mPatient Load (0.5ms)[0m  [1m[34mSELECT  "patients".* FROM "patients" ORDER BY "patients"."id" DESC LIMIT $1[0m  [["LIMIT", 1]]
  [1m[36mPatient Load (0.4ms)[0m  [1m[34mSELECT  "patients".* FROM "patients" ORDER BY "patients"."id" DESC LIMIT $1[0m  [["LIMIT", 1]]
  [1m[36mPatient Load (0.4ms)[0m  [1m[34mSELECT  "patients".* FROM "patients" ORDER BY "patients"."id" DESC LIMIT $1[0m  [["LIMIT", 1]]
  [1m[36mPatient Load (0.5ms)[0m  [1m[34mSELECT  "patients".* FROM "patients" ORDER BY "patients"."id" DESC LIMIT $1[0m  [["LIMIT", 1]]
  [1m[36mPatient Load (0.4ms)[0m  [1m[34mSELECT  "patients".* FROM "patients" LIMIT $1[0m  [["LIMIT", 11]]
  [1m[36mPatient Load (0.5ms)[0m  [1m[34mSELECT "patients".* FROM "patients"[0m
  [1m[35m (0.2ms)[0m  [1m[35mBEGIN[0m
  [1m[36mPatient Create (1.2ms)[0m  [1m[32mINSERT INTO "patients" ("badges_id", "created_at", "updated_at") VALUES ($1, $2, $3) RETURNING "id"[0m  [["badges_id", 1], ["created_at", "2018-07-23 08:27:38.501600"], ["updated_at", "2018-07-23 08:27:38.501600"]]
  [1m[35m (0.2ms)[0m  [1m[31mROLLBACK[0m
  [1m[35m (0.2ms)[0m  [1m[35mBEGIN[0m
  [1m[36mPatient Create (0.6ms)[0m  [1m[32mINSERT INTO "patients" ("badges_id", "created_at", "updated_at") VALUES ($1, $2, $3) RETURNING "id"[0m  [["badges_id", "{1}"], ["created_at", "2018-07-23 08:28:01.334430"], ["updated_at", "2018-07-23 08:28:01.334430"]]
  [1m[35m (18.1ms)[0m  [1m[35mCOMMIT[0m
  [1m[36mPatient Load (0.4ms)[0m  [1m[34mSELECT "patients".* FROM "patients"[0m
  [1m[36mPatient Load (0.6ms)[0m  [1m[34mSELECT "patients".* FROM "patients"[0m
  [1m[36mPatient Load (0.5ms)[0m  [1m[34mSELECT "patients".* FROM "patients"[0m
  [1m[35m (0.2ms)[0m  [1m[35mBEGIN[0m
  [1m[36mPatient Create (0.9ms)[0m  [1m[32mINSERT INTO "patients" ("badges_id", "created_at", "updated_at") VALUES ($1, $2, $3) RETURNING "id"[0m  [["badges_id", 3], ["created_at", "2018-07-23 08:29:14.211108"], ["updated_at", "2018-07-23 08:29:14.211108"]]
  [1m[35m (0.2ms)[0m  [1m[31mROLLBACK[0m
  [1m[35m (0.2ms)[0m  [1m[35mBEGIN[0m
  [1m[36mPatient Create (0.5ms)[0m  [1m[32mINSERT INTO "patients" ("badges_id", "created_at", "updated_at") VALUES ($1, $2, $3) RETURNING "id"[0m  [["badges_id", "{3}"], ["created_at", "2018-07-23 08:29:27.821359"], ["updated_at", "2018-07-23 08:29:27.821359"]]
  [1m[35m (22.3ms)[0m  [1m[35mCOMMIT[0m
  [1m[36mPatient Load (0.4ms)[0m  [1m[34mSELECT  "patients".* FROM "patients" ORDER BY "patients"."id" DESC LIMIT $1[0m  [["LIMIT", 1]]
  [1m[36mPatient Load (0.4ms)[0m  [1m[34mSELECT  "patients".* FROM "patients" ORDER BY "patients"."id" DESC LIMIT $1[0m  [["LIMIT", 1]]
  [1m[36mPatient Load (0.6ms)[0m  [1m[34mSELECT  "patients".* FROM "patients" ORDER BY "patients"."id" DESC LIMIT $1[0m  [["LIMIT", 1]]
  [1m[36mPatient Load (0.4ms)[0m  [1m[34mSELECT  "patients".* FROM "patients" LIMIT $1[0m  [["LIMIT", 11]]
  [1m[36mPatient Load (0.6ms)[0m  [1m[34mSELECT  "patients".* FROM "patients" ORDER BY "patients"."id" DESC LIMIT $1[0m  [["LIMIT", 1]]
  [1m[35m (0.5ms)[0m  [1m[34mSELECT "schema_migrations"."version" FROM "schema_migrations" ORDER BY "schema_migrations"."version" ASC[0m
  ↳ bin/rails:9
  [1m[35m (0.2ms)[0m  [1m[34mSELECT "schema_migrations"."version" FROM "schema_migrations" ORDER BY "schema_migrations"."version" ASC[0m
  ↳ bin/rails:9
  [1m[35m (0.1ms)[0m  [1m[34mSELECT "schema_migrations"."version" FROM "schema_migrations" ORDER BY "schema_migrations"."version" ASC[0m
  ↳ bin/rails:9
  [1m[35m (0.1ms)[0m  [1m[34mSELECT pg_try_advisory_lock(3959640999678101115)[0m
  ↳ bin/rails:9
  [1m[35m (0.2ms)[0m  [1m[34mSELECT "schema_migrations"."version" FROM "schema_migrations" ORDER BY "schema_migrations"."version" ASC[0m
  ↳ bin/rails:9
Migrating to CreateBadges (20180723082215)
  [1m[35m (0.1ms)[0m  [1m[35mBEGIN[0m
  ↳ bin/rails:9
  [1m[35m (1.1ms)[0m  [1m[35mDROP TABLE "badges"[0m
  ↳ bin/rails:9
  [1m[36mActiveRecord::SchemaMigration Destroy (0.4ms)[0m  [1m[31mDELETE FROM "schema_migrations" WHERE "schema_migrations"."version" = $1[0m  [["version", "20180723082215"]]
  ↳ bin/rails:9
  [1m[35m (46.6ms)[0m  [1m[35mCOMMIT[0m
  ↳ bin/rails:9
  [1m[35m (0.2ms)[0m  [1m[34mSELECT pg_advisory_unlock(3959640999678101115)[0m
  ↳ bin/rails:9
  [1m[35m (0.2ms)[0m  [1m[34mSELECT "schema_migrations"."version" FROM "schema_migrations" ORDER BY "schema_migrations"."version" ASC[0m
  ↳ bin/rails:9
  [1m[35m (0.5ms)[0m  [1m[34mSELECT "schema_migrations"."version" FROM "schema_migrations" ORDER BY "schema_migrations"."version" ASC[0m
  ↳ bin/rails:9
  [1m[35m (0.2ms)[0m  [1m[34mSELECT "schema_migrations"."version" FROM "schema_migrations" ORDER BY "schema_migrations"."version" ASC[0m
  ↳ bin/rails:9
  [1m[35m (0.2ms)[0m  [1m[34mSELECT "schema_migrations"."version" FROM "schema_migrations" ORDER BY "schema_migrations"."version" ASC[0m
  ↳ bin/rails:9
  [1m[35m (0.1ms)[0m  [1m[34mSELECT pg_try_advisory_lock(3959640999678101115)[0m
  ↳ bin/rails:9
  [1m[35m (0.2ms)[0m  [1m[34mSELECT "schema_migrations"."version" FROM "schema_migrations" ORDER BY "schema_migrations"."version" ASC[0m
  ↳ bin/rails:9
Migrating to CreatePatients (20180723074055)
  [1m[35m (0.1ms)[0m  [1m[35mBEGIN[0m
  ↳ bin/rails:9
  [1m[35m (1.3ms)[0m  [1m[35mDROP TABLE "patients"[0m
  ↳ bin/rails:9
  [1m[36mActiveRecord::SchemaMigration Destroy (0.4ms)[0m  [1m[31mDELETE FROM "schema_migrations" WHERE "schema_migrations"."version" = $1[0m  [["version", "20180723074055"]]
  ↳ bin/rails:9
  [1m[35m (38.9ms)[0m  [1m[35mCOMMIT[0m
  ↳ bin/rails:9
  [1m[35m (0.3ms)[0m  [1m[34mSELECT pg_advisory_unlock(3959640999678101115)[0m
  ↳ bin/rails:9
  [1m[35m (0.2ms)[0m  [1m[34mSELECT "schema_migrations"."version" FROM "schema_migrations" ORDER BY "schema_migrations"."version" ASC[0m
  ↳ bin/rails:9
  [1m[35m (0.1ms)[0m  [1m[34mSELECT pg_try_advisory_lock(3959640999678101115)[0m
  ↳ bin/rails:9
  [1m[35m (0.7ms)[0m  [1m[34mSELECT "schema_migrations"."version" FROM "schema_migrations" ORDER BY "schema_migrations"."version" ASC[0m
  ↳ bin/rails:9
Migrating to CreatePatients (20180723074055)
  [1m[35m (0.2ms)[0m  [1m[35mBEGIN[0m
  ↳ bin/rails:9
  [1m[35m (113.0ms)[0m  [1m[35mCREATE TABLE "patients" ("id" bigserial primary key, "name" character varying, "email" character varying, "phone" character varying, "ic" character varying, "height" float, "weight" float, "age" integer, "birthday" date, "obesity_id" bigint, "high_blood_pressure_id" bigint, "diabetes_id" bigint, "doctor_id" bigint, "created_at" timestamp NOT NULL, "updated_at" timestamp NOT NULL)[0m
  ↳ db/migrate/20180723074055_create_patients.rb:3
  [1m[35m (42.0ms)[0m  [1m[35mCREATE  INDEX  "index_patients_on_obesity_id" ON "patients"  ("obesity_id")[0m
  ↳ db/migrate/20180723074055_create_patients.rb:3
  [1m[35m (54.2ms)[0m  [1m[35mCREATE  INDEX  "index_patients_on_high_blood_pressure_id" ON "patients"  ("high_blood_pressure_id")[0m
  ↳ db/migrate/20180723074055_create_patients.rb:3
  [1m[35m (65.1ms)[0m  [1m[35mCREATE  INDEX  "index_patients_on_diabetes_id" ON "patients"  ("diabetes_id")[0m
  ↳ db/migrate/20180723074055_create_patients.rb:3
  [1m[35m (55.2ms)[0m  [1m[35mCREATE  INDEX  "index_patients_on_doctor_id" ON "patients"  ("doctor_id")[0m
  ↳ db/migrate/20180723074055_create_patients.rb:3
  [1m[36mActiveRecord::SchemaMigration Create (0.2ms)[0m  [1m[32mINSERT INTO "schema_migrations" ("version") VALUES ($1) RETURNING "version"[0m  [["version", "20180723074055"]]
  ↳ bin/rails:9
  [1m[35m (18.1ms)[0m  [1m[35mCOMMIT[0m
  ↳ bin/rails:9
Migrating to CreateBadges (20180723082215)
  [1m[35m (0.2ms)[0m  [1m[35mBEGIN[0m
  ↳ bin/rails:9
  [1m[35m (111.3ms)[0m  [1m[35mCREATE TABLE "badges" ("id" bigserial primary key, "description" character varying, "image" character varying, "created_at" timestamp NOT NULL, "updated_at" timestamp NOT NULL)[0m
  ↳ db/migrate/20180723082215_create_badges.rb:3
  [1m[36mActiveRecord::SchemaMigration Create (0.2ms)[0m  [1m[32mINSERT INTO "schema_migrations" ("version") VALUES ($1) RETURNING "version"[0m  [["version", "20180723082215"]]
  ↳ bin/rails:9
  [1m[35m (19.1ms)[0m  [1m[35mCOMMIT[0m
  ↳ bin/rails:9
  [1m[36mActiveRecord::InternalMetadata Load (0.2ms)[0m  [1m[34mSELECT  "ar_internal_metadata".* FROM "ar_internal_metadata" WHERE "ar_internal_metadata"."key" = $1 LIMIT $2[0m  [["key", "environment"], ["LIMIT", 1]]
  ↳ bin/rails:9
  [1m[35m (0.1ms)[0m  [1m[35mBEGIN[0m
  ↳ bin/rails:9
  [1m[35m (0.1ms)[0m  [1m[35mCOMMIT[0m
  ↳ bin/rails:9
  [1m[35m (0.4ms)[0m  [1m[34mSELECT pg_advisory_unlock(3959640999678101115)[0m
  ↳ bin/rails:9
  [1m[35m (0.4ms)[0m  [1m[34mSELECT "schema_migrations"."version" FROM "schema_migrations" ORDER BY "schema_migrations"."version" ASC[0m
  ↳ bin/rails:9
  [1m[35m (0.2ms)[0m  [1m[34mSELECT pg_try_advisory_lock(3959640999678101115)[0m
  ↳ bin/rails:9
  [1m[35m (0.5ms)[0m  [1m[34mSELECT "schema_migrations"."version" FROM "schema_migrations" ORDER BY "schema_migrations"."version" ASC[0m
  ↳ bin/rails:9
Migrating to CreateDoctors (20180723085050)
  [1m[35m (0.1ms)[0m  [1m[35mBEGIN[0m
  ↳ bin/rails:9
  [1m[35m (88.5ms)[0m  [1m[35mCREATE TABLE "doctors" ("id" bigserial primary key, "name" character varying, "code" character varying, "age" integer, "phone" character varying, "email" character varying, "created_at" timestamp NOT NULL, "updated_at" timestamp NOT NULL)[0m
  ↳ db/migrate/20180723085050_create_doctors.rb:3
  [1m[36mActiveRecord::SchemaMigration Create (1.2ms)[0m  [1m[32mINSERT INTO "schema_migrations" ("version") VALUES ($1) RETURNING "version"[0m  [["version", "20180723085050"]]
  ↳ bin/rails:9
  [1m[35m (20.6ms)[0m  [1m[35mCOMMIT[0m
  ↳ bin/rails:9
  [1m[36mActiveRecord::InternalMetadata Load (0.3ms)[0m  [1m[34mSELECT  "ar_internal_metadata".* FROM "ar_internal_metadata" WHERE "ar_internal_metadata"."key" = $1 LIMIT $2[0m  [["key", "environment"], ["LIMIT", 1]]
  ↳ bin/rails:9
  [1m[35m (0.1ms)[0m  [1m[35mBEGIN[0m
  ↳ bin/rails:9
  [1m[35m (0.1ms)[0m  [1m[35mCOMMIT[0m
  ↳ bin/rails:9
  [1m[35m (0.2ms)[0m  [1m[34mSELECT pg_advisory_unlock(3959640999678101115)[0m
  ↳ bin/rails:9
  [1m[35m (0.2ms)[0m  [1m[34mSELECT "schema_migrations"."version" FROM "schema_migrations" ORDER BY "schema_migrations"."version" ASC[0m
  ↳ bin/rails:9
  [1m[35m (0.2ms)[0m  [1m[35mBEGIN[0m
  [1m[36mDoctor Create (0.6ms)[0m  [1m[32mINSERT INTO "doctors" ("name", "code", "age", "phone", "email", "created_at", "updated_at") VALUES ($1, $2, $3, $4, $5, $6, $7) RETURNING "id"[0m  [["name", "bob"], ["code", "abcd1234"], ["age", 5], ["phone", "12345012151"], ["email", "bob@mail.com"], ["created_at", "2018-07-23 08:52:51.712497"], ["updated_at", "2018-07-23 08:52:51.712497"]]
  [1m[35m (19.1ms)[0m  [1m[35mCOMMIT[0m
  [1m[35m (0.2ms)[0m  [1m[35mBEGIN[0m
  [1m[36mDoctor Load (0.2ms)[0m  [1m[34mSELECT  "doctors".* FROM "doctors" WHERE "doctors"."id" = $1 LIMIT $2[0m  [["id", 1], ["LIMIT", 1]]
  [1m[36mPatient Create (0.7ms)[0m  [1m[32mINSERT INTO "patients" ("doctor_id", "created_at", "updated_at") VALUES ($1, $2, $3) RETURNING "id"[0m  [["doctor_id", 1], ["created_at", "2018-07-23 08:53:13.675142"], ["updated_at", "2018-07-23 08:53:13.675142"]]
  [1m[35m (11.4ms)[0m  [1m[35mCOMMIT[0m
  [1m[36mPatient Load (0.3ms)[0m  [1m[34mSELECT  "patients".* FROM "patients" ORDER BY "patients"."id" DESC LIMIT $1[0m  [["LIMIT", 1]]
  [1m[36mPatient Load (0.3ms)[0m  [1m[34mSELECT  "patients".* FROM "patients" ORDER BY "patients"."id" DESC LIMIT $1[0m  [["LIMIT", 1]]
  [1m[36mDoctor Load (0.2ms)[0m  [1m[34mSELECT  "doctors".* FROM "doctors" WHERE "doctors"."id" = $1 LIMIT $2[0m  [["id", 1], ["LIMIT", 1]]
  [1m[35m (0.5ms)[0m  [1m[34mSELECT "schema_migrations"."version" FROM "schema_migrations" ORDER BY "schema_migrations"."version" ASC[0m
  ↳ bin/rails:9
  [1m[35m (0.1ms)[0m  [1m[34mSELECT "schema_migrations"."version" FROM "schema_migrations" ORDER BY "schema_migrations"."version" ASC[0m
  ↳ bin/rails:9
  [1m[35m (0.2ms)[0m  [1m[34mSELECT "schema_migrations"."version" FROM "schema_migrations" ORDER BY "schema_migrations"."version" ASC[0m
  ↳ bin/rails:9
  [1m[35m (0.1ms)[0m  [1m[34mSELECT pg_try_advisory_lock(3959640999678101115)[0m
  ↳ bin/rails:9
  [1m[35m (0.2ms)[0m  [1m[34mSELECT "schema_migrations"."version" FROM "schema_migrations" ORDER BY "schema_migrations"."version" ASC[0m
  ↳ bin/rails:9
Migrating to CreateDoctors (20180723085050)
  [1m[35m (0.1ms)[0m  [1m[35mBEGIN[0m
  ↳ bin/rails:9
  [1m[35m (1.0ms)[0m  [1m[35mDROP TABLE "doctors"[0m
  ↳ bin/rails:9
  [1m[36mActiveRecord::SchemaMigration Destroy (0.4ms)[0m  [1m[31mDELETE FROM "schema_migrations" WHERE "schema_migrations"."version" = $1[0m  [["version", "20180723085050"]]
  ↳ bin/rails:9
  [1m[35m (21.1ms)[0m  [1m[35mCOMMIT[0m
  ↳ bin/rails:9
  [1m[35m (0.3ms)[0m  [1m[34mSELECT pg_advisory_unlock(3959640999678101115)[0m
  ↳ bin/rails:9
  [1m[35m (0.4ms)[0m  [1m[34mSELECT "schema_migrations"."version" FROM "schema_migrations" ORDER BY "schema_migrations"."version" ASC[0m
  ↳ bin/rails:9
  [1m[35m (0.1ms)[0m  [1m[34mSELECT pg_try_advisory_lock(3959640999678101115)[0m
  ↳ bin/rails:9
  [1m[35m (0.4ms)[0m  [1m[34mSELECT "schema_migrations"."version" FROM "schema_migrations" ORDER BY "schema_migrations"."version" ASC[0m
  ↳ bin/rails:9
Migrating to CreateDoctors (20180723085050)
  [1m[35m (0.1ms)[0m  [1m[35mBEGIN[0m
  ↳ bin/rails:9
  [1m[35m (80.9ms)[0m  [1m[35mCREATE TABLE "doctors" ("id" bigserial primary key, "name" character varying, "code" character varying, "age" integer, "phone" character varying, "email" character varying, "created_at" timestamp NOT NULL, "updated_at" timestamp NOT NULL)[0m
  ↳ db/migrate/20180723085050_create_doctors.rb:3
  [1m[36mActiveRecord::SchemaMigration Create (0.3ms)[0m  [1m[32mINSERT INTO "schema_migrations" ("version") VALUES ($1) RETURNING "version"[0m  [["version", "20180723085050"]]
  ↳ bin/rails:9
  [1m[35m (16.1ms)[0m  [1m[35mCOMMIT[0m
  ↳ bin/rails:9
Migrating to CreateObeses (20180723085810)
  [1m[35m (0.2ms)[0m  [1m[35mBEGIN[0m
  ↳ bin/rails:9
  [1m[35m (45.0ms)[0m  [1m[35mCREATE TABLE "obeses" ("id" bigserial primary key, "weight" float, "height" float, "bmi" float, "waist_circumference" float, "patient_id" bigint, "created_at" timestamp NOT NULL, "updated_at" timestamp NOT NULL)[0m
  ↳ db/migrate/20180723085810_create_obeses.rb:3
  [1m[35m (42.5ms)[0m  [1m[35mCREATE  INDEX  "index_obeses_on_patient_id" ON "obeses"  ("patient_id")[0m
  ↳ db/migrate/20180723085810_create_obeses.rb:3
  [1m[36mActiveRecord::SchemaMigration Create (0.3ms)[0m  [1m[32mINSERT INTO "schema_migrations" ("version") VALUES ($1) RETURNING "version"[0m  [["version", "20180723085810"]]
  ↳ bin/rails:9
  [1m[35m (17.8ms)[0m  [1m[35mCOMMIT[0m
  ↳ bin/rails:9
  [1m[36mActiveRecord::InternalMetadata Load (0.2ms)[0m  [1m[34mSELECT  "ar_internal_metadata".* FROM "ar_internal_metadata" WHERE "ar_internal_metadata"."key" = $1 LIMIT $2[0m  [["key", "environment"], ["LIMIT", 1]]
  ↳ bin/rails:9
  [1m[35m (0.2ms)[0m  [1m[35mBEGIN[0m
  ↳ bin/rails:9
  [1m[35m (0.1ms)[0m  [1m[35mCOMMIT[0m
  ↳ bin/rails:9
  [1m[35m (0.6ms)[0m  [1m[34mSELECT pg_advisory_unlock(3959640999678101115)[0m
  ↳ bin/rails:9
  [1m[35m (0.2ms)[0m  [1m[34mSELECT "schema_migrations"."version" FROM "schema_migrations" ORDER BY "schema_migrations"."version" ASC[0m
  ↳ bin/rails:9
  [1m[35m (0.1ms)[0m  [1m[34mSELECT pg_try_advisory_lock(3959640999678101115)[0m
  ↳ bin/rails:9
  [1m[35m (0.5ms)[0m  [1m[34mSELECT "schema_migrations"."version" FROM "schema_migrations" ORDER BY "schema_migrations"."version" ASC[0m
  ↳ bin/rails:9
Migrating to CreateDiabetes (20180723090326)
  [1m[35m (0.1ms)[0m  [1m[35mBEGIN[0m
  ↳ bin/rails:9
  [1m[35m (61.7ms)[0m  [1m[35mCREATE TABLE "diabetes" ("id" bigserial primary key, "created_at" timestamp NOT NULL, "updated_at" timestamp NOT NULL)[0m
  ↳ db/migrate/20180723090326_create_diabetes.rb:3
  [1m[36mActiveRecord::SchemaMigration Create (0.4ms)[0m  [1m[32mINSERT INTO "schema_migrations" ("version") VALUES ($1) RETURNING "version"[0m  [["version", "20180723090326"]]
  ↳ bin/rails:9
  [1m[35m (11.8ms)[0m  [1m[35mCOMMIT[0m
  ↳ bin/rails:9
  [1m[36mActiveRecord::InternalMetadata Load (0.4ms)[0m  [1m[34mSELECT  "ar_internal_metadata".* FROM "ar_internal_metadata" WHERE "ar_internal_metadata"."key" = $1 LIMIT $2[0m  [["key", "environment"], ["LIMIT", 1]]
  ↳ bin/rails:9
  [1m[35m (0.1ms)[0m  [1m[35mBEGIN[0m
  ↳ bin/rails:9
  [1m[35m (0.1ms)[0m  [1m[35mCOMMIT[0m
  ↳ bin/rails:9
  [1m[35m (0.2ms)[0m  [1m[34mSELECT pg_advisory_unlock(3959640999678101115)[0m
  ↳ bin/rails:9
  [1m[35m (0.2ms)[0m  [1m[34mSELECT "schema_migrations"."version" FROM "schema_migrations" ORDER BY "schema_migrations"."version" ASC[0m
  ↳ bin/rails:9
  [1m[35m (0.6ms)[0m  [1m[34mSELECT "schema_migrations"."version" FROM "schema_migrations" ORDER BY "schema_migrations"."version" ASC[0m
  ↳ bin/rails:9
  [1m[35m (0.2ms)[0m  [1m[34mSELECT "schema_migrations"."version" FROM "schema_migrations" ORDER BY "schema_migrations"."version" ASC[0m
  ↳ bin/rails:9
  [1m[35m (0.1ms)[0m  [1m[34mSELECT "schema_migrations"."version" FROM "schema_migrations" ORDER BY "schema_migrations"."version" ASC[0m
  ↳ bin/rails:9
  [1m[35m (0.1ms)[0m  [1m[34mSELECT pg_try_advisory_lock(3959640999678101115)[0m
  ↳ bin/rails:9
  [1m[35m (0.2ms)[0m  [1m[34mSELECT "schema_migrations"."version" FROM "schema_migrations" ORDER BY "schema_migrations"."version" ASC[0m
  ↳ bin/rails:9
Migrating to CreateDiabetes (20180723090326)
  [1m[35m (0.1ms)[0m  [1m[35mBEGIN[0m
  ↳ bin/rails:9
  [1m[35m (0.7ms)[0m  [1m[35mDROP TABLE "diabetes"[0m
  ↳ bin/rails:9
  [1m[36mActiveRecord::SchemaMigration Destroy (0.4ms)[0m  [1m[31mDELETE FROM "schema_migrations" WHERE "schema_migrations"."version" = $1[0m  [["version", "20180723090326"]]
  ↳ bin/rails:9
  [1m[35m (25.1ms)[0m  [1m[35mCOMMIT[0m
  ↳ bin/rails:9
  [1m[35m (1.0ms)[0m  [1m[34mSELECT pg_advisory_unlock(3959640999678101115)[0m
  ↳ bin/rails:9
  [1m[35m (0.2ms)[0m  [1m[34mSELECT "schema_migrations"."version" FROM "schema_migrations" ORDER BY "schema_migrations"."version" ASC[0m
  ↳ bin/rails:9
  [1m[35m (0.2ms)[0m  [1m[34mSELECT pg_try_advisory_lock(3959640999678101115)[0m
  ↳ bin/rails:9
  [1m[35m (0.5ms)[0m  [1m[34mSELECT "schema_migrations"."version" FROM "schema_migrations" ORDER BY "schema_migrations"."version" ASC[0m
  ↳ bin/rails:9
Migrating to CreateDiabetes (20180723090637)
  [1m[35m (0.1ms)[0m  [1m[35mBEGIN[0m
  ↳ bin/rails:9
  [1m[35m (46.3ms)[0m  [1m[35mCREATE TABLE "diabetes" ("id" bigserial primary key, "before" float, "after" float, "fasting" float, "hba1c" float, "patient_id_id" bigint, "created_at" timestamp NOT NULL, "updated_at" timestamp NOT NULL)[0m
  ↳ db/migrate/20180723090637_create_diabetes.rb:3
  [1m[35m (41.7ms)[0m  [1m[35mCREATE  INDEX  "index_diabetes_on_patient_id_id" ON "diabetes"  ("patient_id_id")[0m
  ↳ db/migrate/20180723090637_create_diabetes.rb:3
  [1m[36mActiveRecord::SchemaMigration Create (0.3ms)[0m  [1m[32mINSERT INTO "schema_migrations" ("version") VALUES ($1) RETURNING "version"[0m  [["version", "20180723090637"]]
  ↳ bin/rails:9
  [1m[35m (20.4ms)[0m  [1m[35mCOMMIT[0m
  ↳ bin/rails:9
  [1m[36mActiveRecord::InternalMetadata Load (0.3ms)[0m  [1m[34mSELECT  "ar_internal_metadata".* FROM "ar_internal_metadata" WHERE "ar_internal_metadata"."key" = $1 LIMIT $2[0m  [["key", "environment"], ["LIMIT", 1]]
  ↳ bin/rails:9
  [1m[35m (0.1ms)[0m  [1m[35mBEGIN[0m
  ↳ bin/rails:9
  [1m[35m (0.1ms)[0m  [1m[35mCOMMIT[0m
  ↳ bin/rails:9
  [1m[35m (0.2ms)[0m  [1m[34mSELECT pg_advisory_unlock(3959640999678101115)[0m
  ↳ bin/rails:9
  [1m[35m (0.2ms)[0m  [1m[34mSELECT "schema_migrations"."version" FROM "schema_migrations" ORDER BY "schema_migrations"."version" ASC[0m
  ↳ bin/rails:9
  [1m[35m (0.1ms)[0m  [1m[34mSELECT pg_try_advisory_lock(3959640999678101115)[0m
  ↳ bin/rails:9
  [1m[35m (0.4ms)[0m  [1m[34mSELECT "schema_migrations"."version" FROM "schema_migrations" ORDER BY "schema_migrations"."version" ASC[0m
  ↳ bin/rails:9
Migrating to CreateHbps (20180723090815)
  [1m[35m (0.1ms)[0m  [1m[35mBEGIN[0m
  ↳ bin/rails:9
  [1m[35m (76.9ms)[0m  [1m[35mCREATE TABLE "hbps" ("id" bigserial primary key, "systolic" float, "diastolic" float, "patient_id_id" bigint, "created_at" timestamp NOT NULL, "updated_at" timestamp NOT NULL, CONSTRAINT "fk_rails_f254929e13"
FOREIGN KEY ("patient_id_id")
  REFERENCES "patient_ids" ("id")
)[0m
  ↳ db/migrate/20180723090815_create_hbps.rb:3
  [1m[35m (0.1ms)[0m  [1m[31mROLLBACK[0m
  ↳ bin/rails:9
  [1m[35m (0.2ms)[0m  [1m[34mSELECT pg_advisory_unlock(3959640999678101115)[0m
  ↳ bin/rails:9
  [1m[35m (0.1ms)[0m  [1m[34mSELECT pg_try_advisory_lock(3959640999678101115)[0m
  ↳ bin/rails:9
  [1m[35m (0.6ms)[0m  [1m[34mSELECT "schema_migrations"."version" FROM "schema_migrations" ORDER BY "schema_migrations"."version" ASC[0m
  ↳ bin/rails:9
Migrating to CreateHbps (20180723090815)
  [1m[35m (0.1ms)[0m  [1m[35mBEGIN[0m
  ↳ bin/rails:9
  [1m[35m (74.0ms)[0m  [1m[35mCREATE TABLE "hbps" ("id" bigserial primary key, "systolic" float, "diastolic" float, "patient_id" bigint, "created_at" timestamp NOT NULL, "updated_at" timestamp NOT NULL, CONSTRAINT "fk_rails_63cad5026c"
FOREIGN KEY ("patient_id")
  REFERENCES "patients" ("id")
)[0m
  ↳ db/migrate/20180723090815_create_hbps.rb:3
  [1m[35m (30.3ms)[0m  [1m[35mCREATE  INDEX  "index_hbps_on_patient_id" ON "hbps"  ("patient_id")[0m
  ↳ db/migrate/20180723090815_create_hbps.rb:3
  [1m[36mActiveRecord::SchemaMigration Create (0.4ms)[0m  [1m[32mINSERT INTO "schema_migrations" ("version") VALUES ($1) RETURNING "version"[0m  [["version", "20180723090815"]]
  ↳ bin/rails:9
  [1m[35m (18.9ms)[0m  [1m[35mCOMMIT[0m
  ↳ bin/rails:9
  [1m[36mActiveRecord::InternalMetadata Load (0.5ms)[0m  [1m[34mSELECT  "ar_internal_metadata".* FROM "ar_internal_metadata" WHERE "ar_internal_metadata"."key" = $1 LIMIT $2[0m  [["key", "environment"], ["LIMIT", 1]]
  ↳ bin/rails:9
  [1m[35m (0.5ms)[0m  [1m[35mBEGIN[0m
  ↳ bin/rails:9
  [1m[35m (0.2ms)[0m  [1m[35mCOMMIT[0m
  ↳ bin/rails:9
  [1m[35m (0.6ms)[0m  [1m[34mSELECT pg_advisory_unlock(3959640999678101115)[0m
  ↳ bin/rails:9
  [1m[35m (0.2ms)[0m  [1m[34mSELECT "schema_migrations"."version" FROM "schema_migrations" ORDER BY "schema_migrations"."version" ASC[0m
  ↳ bin/rails:9
